This is pdfTeX, Version 3.1415926-2.5-1.40.14 (TeX Live 2013/Debian) (format=pdflatex 2013.8.21)  21 JAN 2014 02:27
entering extended mode
 restricted \write18 enabled.
 %&-line parsing enabled.
**final.tex zLaTex-Preamble.tex
(./final.tex
LaTeX2e <2011/06/27>
Babel <3.9f> and hyphenation patterns for 78 languages loaded.
\@input{zLaTex-Preamble.aux}
\openout2 = `zLaTex-Preamble.aux'.

(./zLaTex-Preamble.tex
(/usr/share/texlive/texmf-dist/tex/latex/base/article.cls
Document Class: article 2007/10/19 v1.4h Standard LaTeX document class
(/usr/share/texlive/texmf-dist/tex/latex/base/size10.clo
File: size10.clo 2007/10/19 v1.4h Standard LaTeX file (size option)
)
\c@part=\count79
\c@section=\count80
\c@subsection=\count81
\c@subsubsection=\count82
\c@paragraph=\count83
\c@subparagraph=\count84
\c@figure=\count85
\c@table=\count86
\abovecaptionskip=\skip41
\belowcaptionskip=\skip42
\bibindent=\dimen102
)
(/usr/share/texmf/tex/latex/xcolor/xcolor.sty
Package: xcolor 2007/01/21 v2.11 LaTeX color extensions (UK)

(/usr/share/texlive/texmf-dist/tex/latex/latexconfig/color.cfg
File: color.cfg 2007/01/18 v1.5 color configuration of teTeX/TeXLive
)
Package xcolor Info: Driver file: pdftex.def on input line 225.

(/usr/share/texlive/texmf-dist/tex/latex/pdftex-def/pdftex.def
File: pdftex.def 2011/05/27 v0.06d Graphics/color for pdfTeX

(/usr/share/texlive/texmf-dist/tex/generic/oberdiek/infwarerr.sty
Package: infwarerr 2010/04/08 v1.3 Providing info/warning/error messages (HO)
)
(/usr/share/texlive/texmf-dist/tex/generic/oberdiek/ltxcmds.sty
Package: ltxcmds 2011/11/09 v1.22 LaTeX kernel commands for general use (HO)
)
\Gread@gobject=\count87
)
(/usr/share/texlive/texmf-dist/tex/latex/colortbl/colortbl.sty
Package: colortbl 2012/02/13 v1.0a Color table columns (DPC)

(/usr/share/texlive/texmf-dist/tex/latex/tools/array.sty
Package: array 2008/09/09 v2.4c Tabular extension package (FMi)
\col@sep=\dimen103
\extrarowheight=\dimen104
\NC@list=\toks14
\extratabsurround=\skip43
\backup@length=\skip44
)
\everycr=\toks15
\minrowclearance=\skip45
)
\rownum=\count88
Package xcolor Info: Model `cmy' substituted by `cmy0' on input line 1337.
Package xcolor Info: Model `hsb' substituted by `rgb' on input line 1341.
Package xcolor Info: Model `RGB' extended on input line 1353.
Package xcolor Info: Model `HTML' substituted by `rgb' on input line 1355.
Package xcolor Info: Model `Hsb' substituted by `hsb' on input line 1356.
Package xcolor Info: Model `tHsb' substituted by `hsb' on input line 1357.
Package xcolor Info: Model `HSB' substituted by `hsb' on input line 1358.
Package xcolor Info: Model `Gray' substituted by `gray' on input line 1359.
Package xcolor Info: Model `wave' substituted by `hsb' on input line 1360.
)
(/usr/share/texlive/texmf-dist/tex/latex/fancyhdr/fancyhdr.sty
\fancy@headwidth=\skip46
\f@ncyO@elh=\skip47
\f@ncyO@erh=\skip48
\f@ncyO@olh=\skip49
\f@ncyO@orh=\skip50
\f@ncyO@elf=\skip51
\f@ncyO@erf=\skip52
\f@ncyO@olf=\skip53
\f@ncyO@orf=\skip54
)
(/usr/share/texlive/texmf-dist/tex/latex/amsmath/amsmath.sty
Package: amsmath 2013/01/14 v2.14 AMS math features
\@mathmargin=\skip55

For additional information on amsmath, use the `?' option.
(/usr/share/texlive/texmf-dist/tex/latex/amsmath/amstext.sty
Package: amstext 2000/06/29 v2.01

(/usr/share/texlive/texmf-dist/tex/latex/amsmath/amsgen.sty
File: amsgen.sty 1999/11/30 v2.0
\@emptytoks=\toks16
\ex@=\dimen105
))
(/usr/share/texlive/texmf-dist/tex/latex/amsmath/amsbsy.sty
Package: amsbsy 1999/11/29 v1.2d
\pmbraise@=\dimen106
)
(/usr/share/texlive/texmf-dist/tex/latex/amsmath/amsopn.sty
Package: amsopn 1999/12/14 v2.01 operator names
)
\inf@bad=\count89
LaTeX Info: Redefining \frac on input line 210.
\uproot@=\count90
\leftroot@=\count91
LaTeX Info: Redefining \overline on input line 306.
\classnum@=\count92
\DOTSCASE@=\count93
LaTeX Info: Redefining \ldots on input line 378.
LaTeX Info: Redefining \dots on input line 381.
LaTeX Info: Redefining \cdots on input line 466.
\Mathstrutbox@=\box26
\strutbox@=\box27
\big@size=\dimen107
LaTeX Font Info:    Redeclaring font encoding OML on input line 566.
LaTeX Font Info:    Redeclaring font encoding OMS on input line 567.
\macc@depth=\count94
\c@MaxMatrixCols=\count95
\dotsspace@=\muskip10
\c@parentequation=\count96
\dspbrk@lvl=\count97
\tag@help=\toks17
\row@=\count98
\column@=\count99
\maxfields@=\count100
\andhelp@=\toks18
\eqnshift@=\dimen108
\alignsep@=\dimen109
\tagshift@=\dimen110
\tagwidth@=\dimen111
\totwidth@=\dimen112
\lineht@=\dimen113
\@envbody=\toks19
\multlinegap=\skip56
\multlinetaggap=\skip57
\mathdisplay@stack=\toks20
LaTeX Info: Redefining \[ on input line 2665.
LaTeX Info: Redefining \] on input line 2666.
)
(/usr/share/texlive/texmf-dist/tex/latex/geometry/geometry.sty
Package: geometry 2010/09/12 v5.6 Page Geometry

(/usr/share/texlive/texmf-dist/tex/latex/graphics/keyval.sty
Package: keyval 1999/03/16 v1.13 key=value parser (DPC)
\KV@toks@=\toks21
)
(/usr/share/texlive/texmf-dist/tex/generic/oberdiek/ifpdf.sty
Package: ifpdf 2011/01/30 v2.3 Provides the ifpdf switch (HO)
Package ifpdf Info: pdfTeX in PDF mode is detected.
)
(/usr/share/texlive/texmf-dist/tex/generic/oberdiek/ifvtex.sty
Package: ifvtex 2010/03/01 v1.5 Detect VTeX and its facilities (HO)
Package ifvtex Info: VTeX not detected.
)
(/usr/share/texlive/texmf-dist/tex/generic/ifxetex/ifxetex.sty
Package: ifxetex 2010/09/12 v0.6 Provides ifxetex conditional
)
\Gm@cnth=\count101
\Gm@cntv=\count102
\c@Gm@tempcnt=\count103
\Gm@bindingoffset=\dimen114
\Gm@wd@mp=\dimen115
\Gm@odd@mp=\dimen116
\Gm@even@mp=\dimen117
\Gm@layoutwidth=\dimen118
\Gm@layoutheight=\dimen119
\Gm@layouthoffset=\dimen120
\Gm@layoutvoffset=\dimen121
\Gm@dimlist=\toks22
)
(/usr/share/texlive/texmf-dist/tex/latex/graphics/graphicx.sty
Package: graphicx 1999/02/16 v1.0f Enhanced LaTeX Graphics (DPC,SPQR)

(/usr/share/texlive/texmf-dist/tex/latex/graphics/graphics.sty
Package: graphics 2009/02/05 v1.0o Standard LaTeX Graphics (DPC,SPQR)

(/usr/share/texlive/texmf-dist/tex/latex/graphics/trig.sty
Package: trig 1999/03/16 v1.09 sin cos tan (DPC)
)
(/usr/share/texlive/texmf-dist/tex/latex/latexconfig/graphics.cfg
File: graphics.cfg 2010/04/23 v1.9 graphics configuration of TeX Live
)
Package graphics Info: Driver file: pdftex.def on input line 91.
)
\Gin@req@height=\dimen122
\Gin@req@width=\dimen123
)
(/usr/share/texlive/texmf-dist/tex/latex/tools/longtable.sty
Package: longtable 2004/02/01 v4.11 Multi-page Table package (DPC)
\LTleft=\skip58
\LTright=\skip59
\LTpre=\skip60
\LTpost=\skip61
\LTchunksize=\count104
\LTcapwidth=\dimen124
\LT@head=\box28
\LT@firsthead=\box29
\LT@foot=\box30
\LT@lastfoot=\box31
\LT@cols=\count105
\LT@rows=\count106
\c@LT@tables=\count107
\c@LT@chunks=\count108
\LT@p@ftn=\toks23
)
(/usr/share/texlive/texmf-dist/tex/latex/tools/multicol.sty
Package: multicol 2011/06/27 v1.7a multicolumn formatting (FMi)
\c@tracingmulticols=\count109
\mult@box=\box32
\multicol@leftmargin=\dimen125
\c@unbalance=\count110
\c@collectmore=\count111
\doublecol@number=\count112
\multicoltolerance=\count113
\multicolpretolerance=\count114
\full@width=\dimen126
\page@free=\dimen127
\premulticols=\dimen128
\postmulticols=\dimen129
\multicolsep=\skip62
\multicolbaselineskip=\skip63
\partial@page=\box33
\last@line=\box34
\mult@rightbox=\box35
\mult@grightbox=\box36
\mult@gfirstbox=\box37
\mult@firstbox=\box38
\@tempa=\box39
\@tempa=\box40
\@tempa=\box41
\@tempa=\box42
\@tempa=\box43
\@tempa=\box44
\@tempa=\box45
\@tempa=\box46
\@tempa=\box47
\@tempa=\box48
\@tempa=\box49
\@tempa=\box50
\@tempa=\box51
\@tempa=\box52
\@tempa=\box53
\@tempa=\box54
\@tempa=\box55
\c@columnbadness=\count115
\c@finalcolumnbadness=\count116
\last@try=\dimen130
\multicolovershoot=\dimen131
\multicolundershoot=\dimen132
\mult@nat@firstbox=\box56
\colbreak@box=\box57
\multicol@sort@counter=\count117
)
(/usr/share/texlive/texmf-dist/tex/latex/float/float.sty
Package: float 2001/11/08 v1.3d Float enhancements (AL)
\c@float@type=\count118
\float@exts=\toks24
\float@box=\box58
\@float@everytoks=\toks25
\@floatcapt=\box59
)
(/usr/share/texlive/texmf-dist/tex/latex/l3packages/xparse/xparse.sty
(/usr/share/texlive/texmf-dist/tex/latex/l3kernel/expl3.sty
(/usr/share/texlive/texmf-dist/tex/latex/l3kernel/l3names.sty
(/usr/share/texlive/texmf-dist/tex/latex/l3kernel/l3bootstrap.sty
Package: l3bootstrap 2013/01/08 v4420 L3 Experimental bootstrap code
)
Package: l3names 2012/12/07 v4346 L3 Namespace for primitives
)
(/usr/share/texlive/texmf-dist/tex/latex/etex-pkg/etex.sty
Package: etex 1998/03/26 v2.0 eTeX basic definition package (PEB)
\et@xins=\count119
)
Package: expl3 2013/07/12 v4544 L3 Experimental code bundle wrapper

(/usr/share/texlive/texmf-dist/tex/latex/l3kernel/l3basics.sty
Package: l3basics 2013/07/09 v4521 L3 Basic definitions
)
(/usr/share/texlive/texmf-dist/tex/latex/l3kernel/l3expan.sty
Package: l3expan 2013/07/09 v4521 L3 Argument expansion
)
(/usr/share/texlive/texmf-dist/tex/latex/l3kernel/l3tl.sty
Package: l3tl 2013/04/24 v4482 L3 Token lists
)
(/usr/share/texlive/texmf-dist/tex/latex/l3kernel/l3seq.sty
Package: l3seq 2013/05/26 v4500 L3 Sequences and stacks
)
(/usr/share/texlive/texmf-dist/tex/latex/l3kernel/l3int.sty
Package: l3int 2013/04/24 v4482 L3 Integers
\c_max_int=\count120
\l_tmpa_int=\count121
\l_tmpb_int=\count122
\g_tmpa_int=\count123
\g_tmpb_int=\count124
)
(/usr/share/texlive/texmf-dist/tex/latex/l3kernel/l3quark.sty
Package: l3quark 2013/07/09 v4521 L3 Quarks
)
(/usr/share/texlive/texmf-dist/tex/latex/l3kernel/l3prg.sty
Package: l3prg 2013/04/24 v4482 L3 Control structures
\g__prg_map_int=\count125
)
(/usr/share/texlive/texmf-dist/tex/latex/l3kernel/l3clist.sty
Package: l3clist 2013/05/26 v4500 L3 Comma separated lists
)
(/usr/share/texlive/texmf-dist/tex/latex/l3kernel/l3token.sty
Package: l3token 2013/04/24 v4482 L3 Experimental token manipulation
)
(/usr/share/texlive/texmf-dist/tex/latex/l3kernel/l3prop.sty
Package: l3prop 2013/01/09 v4423 L3 Property lists
)
(/usr/share/texlive/texmf-dist/tex/latex/l3kernel/l3msg.sty
Package: l3msg 2013/01/08 v4412 L3 Messages
)
(/usr/share/texlive/texmf-dist/tex/latex/l3kernel/l3file.sty
Package: l3file 2013/05/01 v4483 L3 File and I/O operations
\l_iow_line_count_int=\count126
\l__iow_target_count_int=\count127
\l__iow_current_line_int=\count128
\l__iow_current_word_int=\count129
\l__iow_current_indentation_int=\count130
)
(/usr/share/texlive/texmf-dist/tex/latex/l3kernel/l3skip.sty
Package: l3skip 2013/01/13 v4444 L3 Dimensions and skips
\c_zero_dim=\dimen133
\c_max_dim=\dimen134
\l_tmpa_dim=\dimen135
\l_tmpb_dim=\dimen136
\g_tmpa_dim=\dimen137
\g_tmpb_dim=\dimen138
\c_zero_skip=\skip64
\c_max_skip=\skip65
\l_tmpa_skip=\skip66
\l_tmpb_skip=\skip67
\g_tmpa_skip=\skip68
\g_tmpb_skip=\skip69
\c_zero_muskip=\muskip11
\c_max_muskip=\muskip12
\l_tmpa_muskip=\muskip13
\l_tmpb_muskip=\muskip14
\g_tmpa_muskip=\muskip15
\g_tmpb_muskip=\muskip16
)
(/usr/share/texlive/texmf-dist/tex/latex/l3kernel/l3keys.sty
Package: l3keys 2013/07/12 v4544 L3 Experimental key-value interfaces
\g__keyval_level_int=\count131
\l_keys_choice_int=\count132
)
(/usr/share/texlive/texmf-dist/tex/latex/l3kernel/l3fp.sty
Package: l3fp 2013/07/09 v4521 L3 Floating points
\c__fp_leading_shift_int=\count133
\c__fp_middle_shift_int=\count134
\c__fp_trailing_shift_int=\count135
\c__fp_big_leading_shift_int=\count136
\c__fp_big_middle_shift_int=\count137
\c__fp_big_trailing_shift_int=\count138
\c__fp_Bigg_leading_shift_int=\count139
\c__fp_Bigg_middle_shift_int=\count140
\c__fp_Bigg_trailing_shift_int=\count141
)
(/usr/share/texlive/texmf-dist/tex/latex/l3kernel/l3box.sty
Package: l3box 2013/04/24 v4482 L3 Experimental boxes
\c_empty_box=\box60
\l_tmpa_box=\box61
\l_tmpb_box=\box62
\g_tmpa_box=\box63
\g_tmpb_box=\box64
)
(/usr/share/texlive/texmf-dist/tex/latex/l3kernel/l3coffins.sty
Package: l3coffins 2012/09/09 v4212 L3 Coffin code layer
\l__coffin_internal_box=\box65
\l__coffin_internal_dim=\dimen139
\l__coffin_offset_x_dim=\dimen140
\l__coffin_offset_y_dim=\dimen141
\l__coffin_x_dim=\dimen142
\l__coffin_y_dim=\dimen143
\l__coffin_x_prime_dim=\dimen144
\l__coffin_y_prime_dim=\dimen145
\c_empty_coffin=\box66
\l__coffin_aligned_coffin=\box67
\l__coffin_aligned_internal_coffin=\box68
\l_tmpa_coffin=\box69
\l_tmpb_coffin=\box70
\l__coffin_display_coffin=\box71
\l__coffin_display_coord_coffin=\box72
\l__coffin_display_pole_coffin=\box73
\l__coffin_display_offset_dim=\dimen146
\l__coffin_display_x_dim=\dimen147
\l__coffin_display_y_dim=\dimen148
)
(/usr/share/texlive/texmf-dist/tex/latex/l3kernel/l3color.sty
Package: l3color 2012/08/29 v4156 L3 Experimental color support
)
(/usr/share/texlive/texmf-dist/tex/latex/l3kernel/l3luatex.sty
Package: l3luatex 2012/08/03 v4049 L3 Experimental LuaTeX-specific functions
\g__cctab_allocate_int=\count142
\g__cctab_stack_int=\count143
)
(/usr/share/texlive/texmf-dist/tex/latex/l3kernel/l3candidates.sty
Package: l3candidates 2013/07/09 v4521 L3 Experimental additions to l3kernel
\l__box_top_dim=\dimen149
\l__box_bottom_dim=\dimen150
\l__box_left_dim=\dimen151
\l__box_right_dim=\dimen152
\l__box_top_new_dim=\dimen153
\l__box_bottom_new_dim=\dimen154
\l__box_left_new_dim=\dimen155
\l__box_right_new_dim=\dimen156
\l__box_internal_box=\box74
\l__coffin_bounding_shift_dim=\dimen157
\l__coffin_left_corner_dim=\dimen158
\l__coffin_right_corner_dim=\dimen159
\l__coffin_bottom_corner_dim=\dimen160
\l__coffin_top_corner_dim=\dimen161
\l__coffin_scaled_total_height_dim=\dimen162
\l__coffin_scaled_width_dim=\dimen163
))
Package: xparse 2013/07/12 v4544 L3 Experimental document command parser
\l__xparse_current_arg_int=\count144
\l__xparse_m_args_int=\count145
\l__xparse_mandatory_args_int=\count146
\l__xparse_processor_int=\count147
\l__xparse_v_nesting_int=\count148
)
(/usr/share/texlive/texmf-dist/tex/latex/amsfonts/amssymb.sty
Package: amssymb 2013/01/14 v3.01 AMS font symbols

(/usr/share/texlive/texmf-dist/tex/latex/amsfonts/amsfonts.sty
Package: amsfonts 2013/01/14 v3.01 Basic AMSFonts support
\symAMSa=\mathgroup4
\symAMSb=\mathgroup5
LaTeX Font Info:    Overwriting math alphabet `\mathfrak' in version `bold'
(Font)                  U/euf/m/n --> U/euf/b/n on input line 106.
))
(/usr/share/texlive/texmf-dist/tex/latex/wrapfig/wrapfig.sty
\wrapoverhang=\dimen164
\WF@size=\dimen165
\c@WF@wrappedlines=\count149
\WF@box=\box75
\WF@everypar=\toks26
Package: wrapfig 2003/01/31  v 3.6
)
(/usr/share/texlive/texmf-dist/tex/latex/parskip/parskip.sty
Package: parskip 2001/04/09 non-zero parskip adjustments
)
(/usr/share/texlive/texmf-dist/tex/latex/listings/listings.sty
\lst@mode=\count150
\lst@gtempboxa=\box76
\lst@token=\toks27
\lst@length=\count151
\lst@currlwidth=\dimen166
\lst@column=\count152
\lst@pos=\count153
\lst@lostspace=\dimen167
\lst@width=\dimen168
\lst@newlines=\count154
\lst@lineno=\count155
\lst@maxwidth=\dimen169

(/usr/share/texlive/texmf-dist/tex/latex/listings/lstmisc.sty
File: lstmisc.sty 2013/07/10 1.5 (Carsten Heinz)
\c@lstnumber=\count156
\lst@skipnumbers=\count157
\lst@framebox=\box77
)
(/usr/share/texlive/texmf-dist/tex/latex/listings/listings.cfg
File: listings.cfg 2013/06/27 1.5pre1 listings configuration
))
Package: listings 2013/07/10 1.5 (Carsten Heinz)

(/usr/share/texlive/texmf-dist/tex/latex/tools/enumerate.sty
Package: enumerate 1999/03/05 v3.00 enumerate extensions (DPC)
\@enLab=\toks28
)
(/usr/share/texlive/texmf-dist/tex/latex/mh/mathtools.sty
Package: mathtools 2013/02/12 v1.13 mathematical typesetting tools

(/usr/share/texlive/texmf-dist/tex/latex/tools/calc.sty
Package: calc 2007/08/22 v4.3 Infix arithmetic (KKT,FJ)
\calc@Acount=\count158
\calc@Bcount=\count159
\calc@Adimen=\dimen170
\calc@Bdimen=\dimen171
\calc@Askip=\skip70
\calc@Bskip=\skip71
LaTeX Info: Redefining \setlength on input line 76.
LaTeX Info: Redefining \addtolength on input line 77.
\calc@Ccount=\count160
\calc@Cskip=\skip72
)
(/usr/share/texlive/texmf-dist/tex/latex/mh/mhsetup.sty
Package: mhsetup 2010/01/21 v1.2a programming setup (MH)
)
LaTeX Info: Thecontrolsequence`\['isalreadyrobust on input line 129.
LaTeX Info: Thecontrolsequence`\]'isalreadyrobust on input line 129.
\g_MT_multlinerow_int=\count161
\l_MT_multwidth_dim=\dimen172
\origjot=\skip73
\l_MT_shortvdotswithinadjustabove_dim=\dimen173
\l_MT_shortvdotswithinadjustbelow_dim=\dimen174
\l_MT_above_intertext_sep=\dimen175
\l_MT_below_intertext_sep=\dimen176
\l_MT_above_shortintertext_sep=\dimen177
\l_MT_below_shortintertext_sep=\dimen178
)
(/usr/share/texlive/texmf-dist/tex/latex/inconsolata/inconsolata.sty
Package: inconsolata 2013/06/09 zi4a

(/usr/share/texlive/texmf-dist/tex/latex/base/textcomp.sty
Package: textcomp 2005/09/27 v1.99g Standard LaTeX package
Package textcomp Info: Sub-encoding information:
(textcomp)               5 = only ISO-Adobe without \textcurrency
(textcomp)               4 = 5 + \texteuro
(textcomp)               3 = 4 + \textohm
(textcomp)               2 = 3 + \textestimated + \textcurrency
(textcomp)               1 = TS1 - \textcircled - \t
(textcomp)               0 = TS1 (full)
(textcomp)             Font families with sub-encoding setting implement
(textcomp)             only a restricted character set as indicated.
(textcomp)             Family '?' is the default used for unknown fonts.
(textcomp)             See the documentation for details.
Package textcomp Info: Setting ? sub-encoding to TS1/1 on input line 71.

(/usr/share/texlive/texmf-dist/tex/latex/base/ts1enc.def
File: ts1enc.def 2001/06/05 v3.0e (jk/car/fm) Standard LaTeX file
)
LaTeX Info: Redefining \oldstylenums on input line 266.
Package textcomp Info: Setting cmr sub-encoding to TS1/0 on input line 281.
Package textcomp Info: Setting cmss sub-encoding to TS1/0 on input line 282.
Package textcomp Info: Setting cmtt sub-encoding to TS1/0 on input line 283.
Package textcomp Info: Setting cmvtt sub-encoding to TS1/0 on input line 284.
Package textcomp Info: Setting cmbr sub-encoding to TS1/0 on input line 285.
Package textcomp Info: Setting cmtl sub-encoding to TS1/0 on input line 286.
Package textcomp Info: Setting ccr sub-encoding to TS1/0 on input line 287.
Package textcomp Info: Setting ptm sub-encoding to TS1/4 on input line 288.
Package textcomp Info: Setting pcr sub-encoding to TS1/4 on input line 289.
Package textcomp Info: Setting phv sub-encoding to TS1/4 on input line 290.
Package textcomp Info: Setting ppl sub-encoding to TS1/3 on input line 291.
Package textcomp Info: Setting pag sub-encoding to TS1/4 on input line 292.
Package textcomp Info: Setting pbk sub-encoding to TS1/4 on input line 293.
Package textcomp Info: Setting pnc sub-encoding to TS1/4 on input line 294.
Package textcomp Info: Setting pzc sub-encoding to TS1/4 on input line 295.
Package textcomp Info: Setting bch sub-encoding to TS1/4 on input line 296.
Package textcomp Info: Setting put sub-encoding to TS1/5 on input line 297.
Package textcomp Info: Setting uag sub-encoding to TS1/5 on input line 298.
Package textcomp Info: Setting ugq sub-encoding to TS1/5 on input line 299.
Package textcomp Info: Setting ul8 sub-encoding to TS1/4 on input line 300.
Package textcomp Info: Setting ul9 sub-encoding to TS1/4 on input line 301.
Package textcomp Info: Setting augie sub-encoding to TS1/5 on input line 302.
Package textcomp Info: Setting dayrom sub-encoding to TS1/3 on input line 303.
Package textcomp Info: Setting dayroms sub-encoding to TS1/3 on input line 304.

Package textcomp Info: Setting pxr sub-encoding to TS1/0 on input line 305.
Package textcomp Info: Setting pxss sub-encoding to TS1/0 on input line 306.
Package textcomp Info: Setting pxtt sub-encoding to TS1/0 on input line 307.
Package textcomp Info: Setting txr sub-encoding to TS1/0 on input line 308.
Package textcomp Info: Setting txss sub-encoding to TS1/0 on input line 309.
Package textcomp Info: Setting txtt sub-encoding to TS1/0 on input line 310.
Package textcomp Info: Setting lmr sub-encoding to TS1/0 on input line 311.
Package textcomp Info: Setting lmdh sub-encoding to TS1/0 on input line 312.
Package textcomp Info: Setting lmss sub-encoding to TS1/0 on input line 313.
Package textcomp Info: Setting lmssq sub-encoding to TS1/0 on input line 314.
Package textcomp Info: Setting lmvtt sub-encoding to TS1/0 on input line 315.
Package textcomp Info: Setting qhv sub-encoding to TS1/0 on input line 316.
Package textcomp Info: Setting qag sub-encoding to TS1/0 on input line 317.
Package textcomp Info: Setting qbk sub-encoding to TS1/0 on input line 318.
Package textcomp Info: Setting qcr sub-encoding to TS1/0 on input line 319.
Package textcomp Info: Setting qcs sub-encoding to TS1/0 on input line 320.
Package textcomp Info: Setting qpl sub-encoding to TS1/0 on input line 321.
Package textcomp Info: Setting qtm sub-encoding to TS1/0 on input line 322.
Package textcomp Info: Setting qzc sub-encoding to TS1/0 on input line 323.
Package textcomp Info: Setting qhvc sub-encoding to TS1/0 on input line 324.
Package textcomp Info: Setting futs sub-encoding to TS1/4 on input line 325.
Package textcomp Info: Setting futx sub-encoding to TS1/4 on input line 326.
Package textcomp Info: Setting futj sub-encoding to TS1/4 on input line 327.
Package textcomp Info: Setting hlh sub-encoding to TS1/3 on input line 328.
Package textcomp Info: Setting hls sub-encoding to TS1/3 on input line 329.
Package textcomp Info: Setting hlst sub-encoding to TS1/3 on input line 330.
Package textcomp Info: Setting hlct sub-encoding to TS1/5 on input line 331.
Package textcomp Info: Setting hlx sub-encoding to TS1/5 on input line 332.
Package textcomp Info: Setting hlce sub-encoding to TS1/5 on input line 333.
Package textcomp Info: Setting hlcn sub-encoding to TS1/5 on input line 334.
Package textcomp Info: Setting hlcw sub-encoding to TS1/5 on input line 335.
Package textcomp Info: Setting hlcf sub-encoding to TS1/5 on input line 336.
Package textcomp Info: Setting pplx sub-encoding to TS1/3 on input line 337.
Package textcomp Info: Setting pplj sub-encoding to TS1/3 on input line 338.
Package textcomp Info: Setting ptmx sub-encoding to TS1/4 on input line 339.
Package textcomp Info: Setting ptmj sub-encoding to TS1/4 on input line 340.
)
\zifour@ocount=\count162
)
(/usr/share/texlive/texmf-dist/tex/latex/fancyvrb/fancyvrb.sty
Package: fancyvrb 2008/02/07

Style option: `fancyvrb' v2.7a, with DG/SPQR fixes, and firstline=lastline fix 
<2008/02/07> (tvz)
\FV@CodeLineNo=\count163
\FV@InFile=\read1
\FV@TabBox=\box78
\c@FancyVerbLine=\count164
\FV@StepNumber=\count165
\FV@OutFile=\write3
)
.................................................
. LaTeX info: "xparse/define-command"
. 
. Defining document command \mb with arg. spec. ' m g g g g g g g g' on line
. 169.
.................................................
.................................................
. LaTeX info: "xparse/define-command"
. 
. Defining document command \m with arg. spec. ' m g g g g g g g g' on line
. 189.
.................................................
) (./final.aux

LaTeX Warning: Label `grid_mlmmh' multiply defined.

)
\openout1 = `final.aux'.

LaTeX Font Info:    Checking defaults for OML/cmm/m/it on input line 7.
LaTeX Font Info:    ... okay on input line 7.
LaTeX Font Info:    Checking defaults for T1/cmr/m/n on input line 7.
LaTeX Font Info:    ... okay on input line 7.
LaTeX Font Info:    Checking defaults for OT1/cmr/m/n on input line 7.
LaTeX Font Info:    ... okay on input line 7.
LaTeX Font Info:    Checking defaults for OMS/cmsy/m/n on input line 7.
LaTeX Font Info:    ... okay on input line 7.
LaTeX Font Info:    Checking defaults for OMX/cmex/m/n on input line 7.
LaTeX Font Info:    ... okay on input line 7.
LaTeX Font Info:    Checking defaults for U/cmr/m/n on input line 7.
LaTeX Font Info:    ... okay on input line 7.
LaTeX Font Info:    Checking defaults for TS1/cmr/m/n on input line 7.
LaTeX Font Info:    Try loading font information for TS1+cmr on input line 7.
 (/usr/share/texlive/texmf-dist/tex/latex/base/ts1cmr.fd
File: ts1cmr.fd 1999/05/25 v2.5h Standard LaTeX font definitions
)
LaTeX Font Info:    ... okay on input line 7.

(/usr/share/texlive/texmf-dist/tex/context/base/supp-pdf.mkii
[Loading MPS to PDF converter (version 2006.09.02).]
\scratchcounter=\count166
\scratchdimen=\dimen179
\scratchbox=\box79
\nofMPsegments=\count167
\nofMParguments=\count168
\everyMPshowfont=\toks29
\MPscratchCnt=\count169
\MPscratchDim=\dimen180
\MPnumerator=\count170
\makeMPintoPDFobject=\count171
\everyMPtoPDFconversion=\toks30
)
*geometry* driver: auto-detecting
*geometry* detected driver: pdftex
*geometry* verbose mode - [ preamble ] result:
* driver: pdftex
* paper: <default>
* layout: <same size as paper>
* layoutoffset:(h,v)=(0.0pt,0.0pt)
* modes: 
* h-part:(L,W,R)=(85.35826pt, 443.57848pt, 85.35826pt)
* v-part:(T,H,B)=(85.35826pt, 624.25346pt, 85.35826pt)
* \paperwidth=614.295pt
* \paperheight=794.96999pt
* \textwidth=443.57848pt
* \textheight=624.25346pt
* \oddsidemargin=13.08827pt
* \evensidemargin=13.08827pt
* \topmargin=-23.91173pt
* \headheight=12.0pt
* \headsep=25.0pt
* \topskip=10.0pt
* \footskip=30.0pt
* \marginparwidth=65.0pt
* \marginparsep=11.0pt
* \columnsep=10.0pt
* \skip\footins=9.0pt plus 4.0pt minus 2.0pt
* \hoffset=0.0pt
* \voffset=0.0pt
* \mag=1000
* \@twocolumnfalse
* \@twosidefalse
* \@mparswitchfalse
* \@reversemarginfalse
* (1in=72.27pt=25.4mm, 1cm=28.453pt)

(/usr/share/texlive/texmf-dist/tex/generic/oberdiek/pdftexcmds.sty
Package: pdftexcmds 2011/11/29 v0.20 Utility functions of pdfTeX for LuaTeX (HO
)

(/usr/share/texlive/texmf-dist/tex/generic/oberdiek/ifluatex.sty
Package: ifluatex 2010/03/01 v1.3 Provides the ifluatex switch (HO)
Package ifluatex Info: LuaTeX not detected.
)
Package pdftexcmds Info: LuaTeX not detected.
Package pdftexcmds Info: \pdf@primitive is available.
Package pdftexcmds Info: \pdf@ifprimitive is available.
Package pdftexcmds Info: \pdfdraftmode found.
)
(/usr/share/texlive/texmf-dist/tex/latex/oberdiek/epstopdf-base.sty
Package: epstopdf-base 2010/02/09 v2.5 Base part for package epstopdf

(/usr/share/texlive/texmf-dist/tex/latex/oberdiek/grfext.sty
Package: grfext 2010/08/19 v1.1 Manage graphics extensions (HO)

(/usr/share/texlive/texmf-dist/tex/generic/oberdiek/kvdefinekeys.sty
Package: kvdefinekeys 2011/04/07 v1.3 Define keys (HO)
))
(/usr/share/texlive/texmf-dist/tex/latex/oberdiek/kvoptions.sty
Package: kvoptions 2011/06/30 v3.11 Key value format for package options (HO)

(/usr/share/texlive/texmf-dist/tex/generic/oberdiek/kvsetkeys.sty
Package: kvsetkeys 2012/04/25 v1.16 Key value parser (HO)

(/usr/share/texlive/texmf-dist/tex/generic/oberdiek/etexcmds.sty
Package: etexcmds 2011/02/16 v1.5 Avoid name clashes with e-TeX commands (HO)
Package etexcmds Info: Could not find \expanded.
(etexcmds)             That can mean that you are not using pdfTeX 1.50 or
(etexcmds)             that some package has redefined \expanded.
(etexcmds)             In the latter case, load this package earlier.
)))
Package grfext Info: Graphics extension search list:
(grfext)             [.png,.pdf,.jpg,.mps,.jpeg,.jbig2,.jb2,.PNG,.PDF,.JPG,.JPE
G,.JBIG2,.JB2,.eps]
(grfext)             \AppendGraphicsExtensions on input line 452.

(/usr/share/texlive/texmf-dist/tex/latex/latexconfig/epstopdf-sys.cfg
File: epstopdf-sys.cfg 2010/07/13 v1.3 Configuration of (r)epstopdf for TeX Liv
e
))
\c@lstlisting=\count172

(/usr/share/texlive/texmf-dist/tex/latex/upquote/upquote.sty
Package: upquote 2012/04/19 v1.3 upright-quote and grave-accent glyphs in verba
tim
)
LaTeX Font Info:    Try loading font information for U+msa on input line 9.

(/usr/share/texlive/texmf-dist/tex/latex/amsfonts/umsa.fd
File: umsa.fd 2013/01/14 v3.01 AMS symbols A
)
LaTeX Font Info:    Try loading font information for U+msb on input line 9.

(/usr/share/texlive/texmf-dist/tex/latex/amsfonts/umsb.fd
File: umsb.fd 2013/01/14 v3.01 AMS symbols B
) [1



{/var/lib/texmf/fonts/map/pdftex/updmap/pdftex.map}] [2]
(/usr/share/texlive/texmf-dist/tex/latex/listings/lstlang1.sty
File: lstlang1.sty 2013/06/27 1.5pre1 listings language file
)
(/usr/share/texlive/texmf-dist/tex/latex/listings/lstlang1.sty
File: lstlang1.sty 2013/06/27 1.5pre1 listings language file
)
LaTeX Font Info:    Try loading font information for OT1+zi4 on input line 142.


(/usr/share/texlive/texmf-dist/tex/latex/inconsolata/ot1zi4.fd
File: ot1zi4.fd 2013/06/09 OT1/zi4 (Inconsolata)
)
<../plots/overhead.png, id=16, 993.7125pt x 494.3268pt>
File: ../plots/overhead.png Graphic file (type png)

<use ../plots/overhead.png>
Package pdftex.def Info: ../plots/overhead.png used on input line 200.
(pdftex.def)             Requested size: 399.21791pt x 198.59464pt.
 [3]
<../plots/parallel_size.png, id=23, 1047.1923pt x 494.3268pt>
File: ../plots/parallel_size.png Graphic file (type png)

<use ../plots/parallel_size.png>
Package pdftex.def Info: ../plots/parallel_size.png used on input line 210.
(pdftex.def)             Requested size: 399.21791pt x 188.44955pt.

<../plots/parallel_performance.png, id=24, 855.6768pt x 494.3268pt>
File: ../plots/parallel_performance.png Graphic file (type png)

<use ../plots/parallel_performance.png>
Package pdftex.def Info: ../plots/parallel_performance.png used on input line 2
20.
(pdftex.def)             Requested size: 399.21791pt x 230.62894pt.
 [4 <../plots/overhead.png> <../plots/parallel_size.png>] [5 <../plots/parallel
_performance.png>] [6] [7] [8] [9]
(./final.aux)

LaTeX Warning: There were multiply-defined labels.

 ) 
Here is how much of TeX's memory you used:
 11928 strings out of 493307
 194697 string characters out of 6139905
 330829 words of memory out of 5000000
 15171 multiletter control sequences out of 15000+600000
 12387 words of font info for 48 fonts, out of 8000000 for 9000
 957 hyphenation exceptions out of 8191
 45i,11n,49p,292b,978s stack positions out of 5000i,500n,10000p,200000b,80000s
{/usr/share/texlive/texmf-dist/fonts/enc/dvips/inconsolata/i4-ot1-0.enc}{/usr
/share/texmf/fonts/enc/dvips/cm-super/cm-super-ts1.enc}</usr/share/texlive/texm
f-dist/fonts/type1/public/inconsolata/Inconsolata-zi4r.pfb></usr/share/texlive/
texmf-dist/fonts/type1/public/amsfonts/cm/cmbx12.pfb></usr/share/texlive/texmf-
dist/fonts/type1/public/amsfonts/cm/cmbx5.pfb></usr/share/texlive/texmf-dist/fo
nts/type1/public/amsfonts/cm/cmmi10.pfb></usr/share/texlive/texmf-dist/fonts/ty
pe1/public/amsfonts/cm/cmmi7.pfb></usr/share/texlive/texmf-dist/fonts/type1/pub
lic/amsfonts/cm/cmr10.pfb></usr/share/texlive/texmf-dist/fonts/type1/public/ams
fonts/cm/cmr12.pfb></usr/share/texlive/texmf-dist/fonts/type1/public/amsfonts/c
m/cmr17.pfb></usr/share/texlive/texmf-dist/fonts/type1/public/amsfonts/cm/cmr5.
pfb></usr/share/texlive/texmf-dist/fonts/type1/public/amsfonts/cm/cmsy10.pfb></
usr/share/texlive/texmf-dist/fonts/type1/public/amsfonts/cm/cmti10.pfb></usr/sh
are/texmf/fonts/type1/public/cm-super/sfrm1000.pfb>
Output written on final.pdf (9 pages, 377482 bytes).
PDF statistics:
 91 PDF objects out of 1000 (max. 8388607)
 61 compressed objects within 1 object stream
 0 named destinations out of 1000 (max. 500000)
 16 words of extra memory for PDF output out of 10000 (max. 10000000)

